<?xml version="1.0" encoding="UTF-8"?>
<!-- Generated by org.testng.reporters.JUnitXMLReporter -->
<testsuite hostname="CHNMCT326196L" ignored="0" name="Bulgaria-Chrome Regress suite" tests="1" failures="1" timestamp="11 Oct 2020 20:30:57 GMT" time="113.451" errors="0">
  <testcase name="quickViewAddProductToActivePendingOrderTest" time="110.327" classname="quickView.QuickViewAddProductToActivePendingOrderTest">
    <failure type="java.lang.IllegalArgumentException" message="bound must be positive">
      <![CDATA[java.lang.IllegalArgumentException: bound must be positive
at java.util.Random.nextInt(Random.java:388)
at pageobjects.ProductCatalogSearchPage.browsingProductFromCategory(ProductCatalogSearchPage.java:1402)
at quickView.QuickViewAddProductToActivePendingOrderTest.quickViewAddProductToActivePendingOrderTest(QuickViewAddProductToActivePendingOrderTest.java:76)
at java.util.concurrent.ThreadPoolExecutor.runWorker(ThreadPoolExecutor.java:1149)
at java.util.concurrent.ThreadPoolExecutor$Worker.run(ThreadPoolExecutor.java:624)
at java.lang.Thread.run(Thread.java:813)
... Removed 10 stack frames]]>
    </failure>
  </testcase> <!-- quickViewAddProductToActivePendingOrderTest -->
</testsuite> <!-- Bulgaria-Chrome Regress suite -->
