<?xml version="1.0" encoding="UTF-8"?>
<!-- Generated by org.testng.reporters.JUnitXMLReporter -->
<testsuite hostname="CHNMCT326196L" ignored="0" name="Czech-Chrome Regress suite" tests="1" failures="1" timestamp="08 Nov 2020 17:31:28 GMT" time="24.186" errors="0">
  <testcase name="startAnOrder" time="18.094" classname="PAO.PlaceAnOrderFlow">
    <failure type="java.lang.NullPointerException">
      <![CDATA[java.lang.NullPointerException
at utils.DBConn.OSAUser(DBConn.java:470)
at PAO.PlaceAnOrderFlow.startAnOrder(PlaceAnOrderFlow.java:80)
at java.util.concurrent.ThreadPoolExecutor.runWorker(ThreadPoolExecutor.java:1149)
at java.util.concurrent.ThreadPoolExecutor$Worker.run(ThreadPoolExecutor.java:624)
at java.lang.Thread.run(Thread.java:813)
... Removed 10 stack frames]]>
    </failure>
  </testcase> <!-- startAnOrder -->
</testsuite> <!-- Czech-Chrome Regress suite -->
