<?xml version="1.0" encoding="UTF-8"?>
<testng-results skipped="0" failed="1" ignored="0" total="1" passed="0">
  <reporter-output>
  </reporter-output>
  <suite name="Suite" duration-ms="24186" started-at="2020-11-08T17:31:03Z" finished-at="2020-11-08T17:31:28Z">
    <groups>
    </groups>
    <test name="Czech-Chrome Regress suite" duration-ms="24186" started-at="2020-11-08T17:31:03Z" finished-at="2020-11-08T17:31:28Z">
      <class name="PAO.PlaceAnOrderFlow">
        <test-method status="PASS" signature="beforeSuite()[pri:0, instance:PAO.PlaceAnOrderFlow@d354a053]" name="beforeSuite" is-config="true" duration-ms="324" started-at="2020-11-08T17:31:03Z" finished-at="2020-11-08T17:31:03Z">
          <reporter-output>
          </reporter-output>
        </test-method> <!-- beforeSuite -->
        <test-method status="PASS" signature="beforeTest()[pri:0, instance:PAO.PlaceAnOrderFlow@d354a053]" name="beforeTest" is-config="true" duration-ms="0" started-at="2020-11-08T17:31:03Z" finished-at="2020-11-08T17:31:03Z">
          <reporter-output>
          </reporter-output>
        </test-method> <!-- beforeTest -->
        <test-method status="PASS" signature="setData(java.lang.String, java.lang.String, java.lang.String, java.lang.String, java.lang.String, java.lang.String, java.lang.String, java.lang.String, java.lang.String, java.lang.String)[pri:0, instance:PAO.PlaceAnOrderFlow@d354a053]" name="setData" is-config="true" duration-ms="3399" started-at="2020-11-08T17:31:03Z" finished-at="2020-11-08T17:31:07Z">
          <params>
            <param index="0">
              <value>
                <![CDATA[selenium]]>
              </value>
            </param>
            <param index="1">
              <value>
                <![CDATA[chrome]]>
              </value>
            </param>
            <param index="2">
              <value>
                <![CDATA[romania]]>
              </value>
            </param>
            <param index="3">
              <value>
                <![CDATA[]]>
              </value>
            </param>
            <param index="4">
              <value>
                <![CDATA[]]>
              </value>
            </param>
            <param index="5">
              <value>
                <![CDATA[]]>
              </value>
            </param>
            <param index="6">
              <value>
                <![CDATA[]]>
              </value>
            </param>
            <param index="7">
              <value>
                <![CDATA[]]>
              </value>
            </param>
            <param index="8">
              <value>
                <![CDATA[]]>
              </value>
            </param>
            <param index="9">
              <value>
                <![CDATA[angular]]>
              </value>
            </param>
          </params>
          <reporter-output>
          </reporter-output>
        </test-method> <!-- setData -->
        <test-method status="PASS" signature="beforeMethod()[pri:0, instance:PAO.PlaceAnOrderFlow@d354a053]" name="beforeMethod" is-config="true" duration-ms="1" started-at="2020-11-08T17:31:07Z" finished-at="2020-11-08T17:31:07Z">
          <reporter-output>
          </reporter-output>
        </test-method> <!-- beforeMethod -->
        <test-method status="FAIL" signature="startAnOrder()[pri:0, instance:PAO.PlaceAnOrderFlow@d354a053]" name="startAnOrder" duration-ms="18094" started-at="2020-11-08T17:31:07Z" finished-at="2020-11-08T17:31:25Z">
          <exception class="java.lang.NullPointerException">
            <full-stacktrace>
              <![CDATA[java.lang.NullPointerException
at utils.DBConn.OSAUser(DBConn.java:470)
at PAO.PlaceAnOrderFlow.startAnOrder(PlaceAnOrderFlow.java:80)
at sun.reflect.NativeMethodAccessorImpl.invoke0(Native Method)
at sun.reflect.NativeMethodAccessorImpl.invoke(NativeMethodAccessorImpl.java:62)
at sun.reflect.DelegatingMethodAccessorImpl.invoke(DelegatingMethodAccessorImpl.java:43)
at java.lang.reflect.Method.invoke(Method.java:498)
at org.testng.internal.MethodInvocationHelper.invokeMethod(MethodInvocationHelper.java:124)
at org.testng.internal.Invoker.invokeMethod(Invoker.java:583)
at org.testng.internal.Invoker.invokeTestMethod(Invoker.java:719)
at org.testng.internal.Invoker.invokeTestMethods(Invoker.java:989)
at org.testng.internal.TestMethodWorker.invokeTestMethods(TestMethodWorker.java:125)
at org.testng.internal.TestMethodWorker.run(TestMethodWorker.java:109)
at java.util.concurrent.ThreadPoolExecutor.runWorker(ThreadPoolExecutor.java:1149)
at java.util.concurrent.ThreadPoolExecutor$Worker.run(ThreadPoolExecutor.java:624)
at java.lang.Thread.run(Thread.java:813)
]]>
            </full-stacktrace>
          </exception> <!-- java.lang.NullPointerException -->
          <reporter-output>
          </reporter-output>
        </test-method> <!-- startAnOrder -->
        <test-method status="PASS" signature="afterMethod()[pri:0, instance:PAO.PlaceAnOrderFlow@d354a053]" name="afterMethod" is-config="true" duration-ms="2649" started-at="2020-11-08T17:31:25Z" finished-at="2020-11-08T17:31:28Z">
          <reporter-output>
          </reporter-output>
        </test-method> <!-- afterMethod -->
        <test-method status="PASS" signature="setDataAgain(java.lang.String, java.lang.String, java.lang.String, java.lang.String, java.lang.String, java.lang.String, java.lang.String, java.lang.String, java.lang.String, java.lang.String)[pri:0, instance:PAO.PlaceAnOrderFlow@d354a053]" name="setDataAgain" is-config="true" duration-ms="2" started-at="2020-11-08T17:31:28Z" finished-at="2020-11-08T17:31:28Z">
          <params>
            <param index="0">
              <value>
                <![CDATA[selenium]]>
              </value>
            </param>
            <param index="1">
              <value>
                <![CDATA[chrome]]>
              </value>
            </param>
            <param index="2">
              <value>
                <![CDATA[romania]]>
              </value>
            </param>
            <param index="3">
              <value>
                <![CDATA[]]>
              </value>
            </param>
            <param index="4">
              <value>
                <![CDATA[]]>
              </value>
            </param>
            <param index="5">
              <value>
                <![CDATA[]]>
              </value>
            </param>
            <param index="6">
              <value>
                <![CDATA[]]>
              </value>
            </param>
            <param index="7">
              <value>
                <![CDATA[]]>
              </value>
            </param>
            <param index="8">
              <value>
                <![CDATA[]]>
              </value>
            </param>
            <param index="9">
              <value>
                <![CDATA[angular]]>
              </value>
            </param>
          </params>
          <reporter-output>
          </reporter-output>
        </test-method> <!-- setDataAgain -->
        <test-method status="PASS" signature="afterTest()[pri:0, instance:PAO.PlaceAnOrderFlow@d354a053]" name="afterTest" is-config="true" duration-ms="1" started-at="2020-11-08T17:31:28Z" finished-at="2020-11-08T17:31:28Z">
          <reporter-output>
          </reporter-output>
        </test-method> <!-- afterTest -->
        <test-method status="PASS" signature="afterSuite()[pri:0, instance:PAO.PlaceAnOrderFlow@d354a053]" name="afterSuite" is-config="true" duration-ms="537" started-at="2020-11-08T17:31:28Z" finished-at="2020-11-08T17:31:28Z">
          <reporter-output>
          </reporter-output>
        </test-method> <!-- afterSuite -->
      </class> <!-- PAO.PlaceAnOrderFlow -->
    </test> <!-- Czech-Chrome Regress suite -->
  </suite> <!-- Suite -->
</testng-results>
